<?xml version="1.0" encoding="UTF-8" ?>
<testsuite tests="1" failures="0" name="com.tcd.ofarrero.AppTest" time="0.008" errors="0" skipped="0">
  <properties>
    <property name="java.runtime.name" value="Java(TM) SE Runtime Environment"/>
    <property name="java.vm.version" value="19+36-2238"/>
    <property name="sun.boot.library.path" value="C:\Program Files\Java\jdk-19\bin"/>
    <property name="maven.multiModuleProjectDirectory" value="C:\Users\roofa\Documents\year5\websearch\lucene\search-app"/>
    <property name="java.vm.vendor" value="Oracle Corporation"/>
    <property name="java.vendor.url" value="https://java.oracle.com/"/>
    <property name="guice.disable.misplaced.annotation.check" value="true"/>
    <property name="path.separator" value=";"/>
    <property name="java.vm.name" value="Java HotSpot(TM) 64-Bit Server VM"/>
    <property name="sun.os.patch.level" value=""/>
    <property name="user.script" value=""/>
    <property name="user.country" value="IE"/>
    <property name="sun.java.launcher" value="SUN_STANDARD"/>
    <property name="java.vm.specification.name" value="Java Virtual Machine Specification"/>
    <property name="user.dir" value="C:\Users\roofa\Documents\year5\websearch\lucene\search-app"/>
    <property name="java.vm.compressedOopsMode" value="32-bit"/>
    <property name="java.runtime.version" value="19+36-2238"/>
    <property name="os.arch" value="amd64"/>
    <property name="java.io.tmpdir" value="C:\Users\roofa\AppData\Local\Temp\"/>
    <property name="line.separator" value="
"/>
    <property name="java.vm.specification.vendor" value="Oracle Corporation"/>
    <property name="user.variant" value=""/>
    <property name="stderr.encoding" value="cp437"/>
    <property name="os.name" value="Windows 11"/>
    <property name="classworlds.conf" value="C:\Users\roofa\Documents\year5\apache-maven-3.8.6\bin\m2.conf"/>
    <property name="sun.jnu.encoding" value="Cp1252"/>
    <property name="stdout.encoding" value="cp437"/>
    <property name="java.library.path" value="C:\Program Files\Java\jdk-19\bin;C:\WINDOWS\Sun\Java\bin;C:\WINDOWS\system32;C:\WINDOWS;C:\Program Files\Common Files\Oracle\Java\javapath;C:\WINDOWS\system32;C:\WINDOWS;C:\WINDOWS\System32\Wbem;C:\WINDOWS\System32\WindowsPowerShell\v1.0\;C:\WINDOWS\System32\OpenSSH\;C:\Program Files\MATLAB\R2020a\runtime\win64;C:\Program Files\MATLAB\R2020a\bin;C:\Program Files\nodejs\;C:\ProgramData\chocolatey\bin;C:\Program Files\Git\cmd;C:\Program Files (x86)\PuTTY\;C:\Users\roofa\AppData\Local\Programs\Python;C:\Program Files\dotnet\;C:\Program Files\Microsoft SQL Server\130\Tools\Binn\;C:\Program Files\Microsoft SQL Server\Client SDK\ODBC\170\Tools\Binn\;C:\Program Files\PuTTY\;C:\Program Files\Docker\Docker\resources\bin;C:\ProgramData\DockerDesktop\version-bin;C:\Users\roofa\.cargo\bin;C:\Users\roofa\miniconda3;C:\Users\roofa\miniconda3\Library\mingw-w64\bin;C:\Users\roofa\miniconda3\Library\usr\bin;C:\Users\roofa\miniconda3\Library\bin;C:\Users\roofa\miniconda3\Scripts;C:\Program Files\MySQL\MySQL Shell 8.0\bin\;C:\Users\roofa\AppData\Local\Microsoft\WindowsApps;C:\Users\roofa\AppData\Local\Programs\Microsoft VS Code\bin;C:\Users\roofa\AppData\Roaming\npm;C:\Users\roofa\AppData\Local\atom\bin;C:\Users\roofa\AppData\Local\GitHubDesktop\bin;C:\Program Files\mingw-w64\x86_64-8.1.0-posix-seh-rt_v6-rev0\mingw64\bin;C:\Users\roofa\AppData\Local\Microsoft\WindowsApps;C:\Users\roofa\.dotnet\tools;&quot;C:\Program Files\Java\jdk-19\\bin;&quot;;C:\Program Files\Java\jdk-19\;C:\Users\roofa\Documents\year5\apache-maven-3.8.6\bin;."/>
    <property name="maven.conf" value="C:\Users\roofa\Documents\year5\apache-maven-3.8.6/conf"/>
    <property name="jdk.debug" value="release"/>
    <property name="java.class.version" value="63.0"/>
    <property name="java.specification.name" value="Java Platform API Specification"/>
    <property name="sun.management.compiler" value="HotSpot 64-Bit Tiered Compilers"/>
    <property name="os.version" value="10.0"/>
    <property name="library.jansi.path" value="C:\Users\roofa\Documents\year5\apache-maven-3.8.6\lib\jansi-native"/>
    <property name="user.home" value="C:\Users\roofa"/>
    <property name="user.timezone" value="Europe/Dublin"/>
    <property name="file.encoding" value="UTF-8"/>
    <property name="java.specification.version" value="19"/>
    <property name="user.name" value="roofa"/>
    <property name="java.class.path" value="C:\Users\roofa\Documents\year5\apache-maven-3.8.6\boot\plexus-classworlds-2.6.0.jar"/>
    <property name="java.vm.specification.version" value="19"/>
    <property name="sun.arch.data.model" value="64"/>
    <property name="sun.java.command" value="org.codehaus.plexus.classworlds.launcher.Launcher package"/>
    <property name="java.home" value="C:\Program Files\Java\jdk-19"/>
    <property name="user.language" value="en"/>
    <property name="java.specification.vendor" value="Oracle Corporation"/>
    <property name="java.vm.info" value="mixed mode, sharing"/>
    <property name="java.version" value="19"/>
    <property name="native.encoding" value="Cp1252"/>
    <property name="java.vendor" value="Oracle Corporation"/>
    <property name="maven.home" value="C:\Users\roofa\Documents\year5\apache-maven-3.8.6"/>
    <property name="file.separator" value="\"/>
    <property name="java.version.date" value="2022-09-20"/>
    <property name="java.vendor.url.bug" value="https://bugreport.java.com/bugreport/"/>
    <property name="sun.io.unicode.encoding" value="UnicodeLittle"/>
    <property name="sun.cpu.endian" value="little"/>
    <property name="sun.cpu.isalist" value="amd64"/>
  </properties>
  <testcase classname="com.tcd.ofarrero.AppTest" name="testApp" time="0.008"/>
</testsuite>